2022-06-22T11:37:25,461 - CPUUtilization.Percent:0.0|#Level:Host|#hostname:hello-world-pc,timestamp:1655872645
2022-06-22T11:37:25,461 - DiskAvailable.Gigabytes:198.03841018676758|#Level:Host|#hostname:hello-world-pc,timestamp:1655872645
2022-06-22T11:37:25,461 - DiskUsage.Gigabytes:235.63873672485352|#Level:Host|#hostname:hello-world-pc,timestamp:1655872645
2022-06-22T11:37:25,462 - DiskUtilization.Percent:54.3|#Level:Host|#hostname:hello-world-pc,timestamp:1655872645
2022-06-22T11:37:25,462 - GPUMemoryUtilization.Percent:2.2987551867219915|#Level:Host,device_id:0|#hostname:hello-world-pc,timestamp:1655872645
2022-06-22T11:37:25,462 - GPUMemoryUsed.Megabytes:277|#Level:Host,device_id:0|#hostname:hello-world-pc,timestamp:1655872645
2022-06-22T11:37:25,462 - GPUUtilization.Percent:4|#Level:Host,device_id:0|#hostname:hello-world-pc,timestamp:1655872645
2022-06-22T11:37:25,463 - MemoryAvailable.Megabytes:10506.5546875|#Level:Host|#hostname:hello-world-pc,timestamp:1655872645
2022-06-22T11:37:25,463 - MemoryUsed.Megabytes:4840.34375|#Level:Host|#hostname:hello-world-pc,timestamp:1655872645
2022-06-22T11:37:25,463 - MemoryUtilization.Percent:33.7|#Level:Host|#hostname:hello-world-pc,timestamp:1655872645
2022-06-22T11:37:39,473 - Requests2XX.Count:1|#Level:Host|#hostname:hello-world-pc,timestamp:1655872659
2022-06-22T11:38:25,423 - CPUUtilization.Percent:0.0|#Level:Host|#hostname:hello-world-pc,timestamp:1655872705
2022-06-22T11:38:25,423 - DiskAvailable.Gigabytes:198.03882598876953|#Level:Host|#hostname:hello-world-pc,timestamp:1655872705
2022-06-22T11:38:25,423 - DiskUsage.Gigabytes:235.63832092285156|#Level:Host|#hostname:hello-world-pc,timestamp:1655872705
2022-06-22T11:38:25,423 - DiskUtilization.Percent:54.3|#Level:Host|#hostname:hello-world-pc,timestamp:1655872705
2022-06-22T11:38:25,423 - GPUMemoryUtilization.Percent:2.680497925311203|#Level:Host,device_id:0|#hostname:hello-world-pc,timestamp:1655872705
2022-06-22T11:38:25,423 - GPUMemoryUsed.Megabytes:323|#Level:Host,device_id:0|#hostname:hello-world-pc,timestamp:1655872705
2022-06-22T11:38:25,424 - GPUUtilization.Percent:13|#Level:Host,device_id:0|#hostname:hello-world-pc,timestamp:1655872705
2022-06-22T11:38:25,424 - MemoryAvailable.Megabytes:10464.32421875|#Level:Host|#hostname:hello-world-pc,timestamp:1655872705
2022-06-22T11:38:25,424 - MemoryUsed.Megabytes:4857.859375|#Level:Host|#hostname:hello-world-pc,timestamp:1655872705
2022-06-22T11:38:25,424 - MemoryUtilization.Percent:34.0|#Level:Host|#hostname:hello-world-pc,timestamp:1655872705
2022-06-22T11:39:25,426 - CPUUtilization.Percent:0.0|#Level:Host|#hostname:hello-world-pc,timestamp:1655872765
2022-06-22T11:39:25,426 - DiskAvailable.Gigabytes:198.02838516235352|#Level:Host|#hostname:hello-world-pc,timestamp:1655872765
2022-06-22T11:39:25,426 - DiskUsage.Gigabytes:235.64876174926758|#Level:Host|#hostname:hello-world-pc,timestamp:1655872765
2022-06-22T11:39:25,426 - DiskUtilization.Percent:54.3|#Level:Host|#hostname:hello-world-pc,timestamp:1655872765
2022-06-22T11:39:25,426 - GPUMemoryUtilization.Percent:2.672199170124481|#Level:Host,device_id:0|#hostname:hello-world-pc,timestamp:1655872765
2022-06-22T11:39:25,426 - GPUMemoryUsed.Megabytes:322|#Level:Host,device_id:0|#hostname:hello-world-pc,timestamp:1655872765
2022-06-22T11:39:25,426 - GPUUtilization.Percent:17|#Level:Host,device_id:0|#hostname:hello-world-pc,timestamp:1655872765
2022-06-22T11:39:25,426 - MemoryAvailable.Megabytes:10421.7109375|#Level:Host|#hostname:hello-world-pc,timestamp:1655872765
2022-06-22T11:39:25,427 - MemoryUsed.Megabytes:4916.0859375|#Level:Host|#hostname:hello-world-pc,timestamp:1655872765
2022-06-22T11:39:25,427 - MemoryUtilization.Percent:34.2|#Level:Host|#hostname:hello-world-pc,timestamp:1655872765
2022-06-22T11:40:25,436 - CPUUtilization.Percent:0.0|#Level:Host|#hostname:hello-world-pc,timestamp:1655872825
2022-06-22T11:40:25,436 - DiskAvailable.Gigabytes:198.0410499572754|#Level:Host|#hostname:hello-world-pc,timestamp:1655872825
2022-06-22T11:40:25,436 - DiskUsage.Gigabytes:235.6360969543457|#Level:Host|#hostname:hello-world-pc,timestamp:1655872825
2022-06-22T11:40:25,436 - DiskUtilization.Percent:54.3|#Level:Host|#hostname:hello-world-pc,timestamp:1655872825
2022-06-22T11:40:25,436 - GPUMemoryUtilization.Percent:2.9377593360995853|#Level:Host,device_id:0|#hostname:hello-world-pc,timestamp:1655872825
2022-06-22T11:40:25,436 - GPUMemoryUsed.Megabytes:354|#Level:Host,device_id:0|#hostname:hello-world-pc,timestamp:1655872825
2022-06-22T11:40:25,437 - GPUUtilization.Percent:41|#Level:Host,device_id:0|#hostname:hello-world-pc,timestamp:1655872825
2022-06-22T11:40:25,437 - MemoryAvailable.Megabytes:10652.80078125|#Level:Host|#hostname:hello-world-pc,timestamp:1655872825
2022-06-22T11:40:25,437 - MemoryUsed.Megabytes:4685.05078125|#Level:Host|#hostname:hello-world-pc,timestamp:1655872825
2022-06-22T11:40:25,437 - MemoryUtilization.Percent:32.8|#Level:Host|#hostname:hello-world-pc,timestamp:1655872825
2022-06-22T11:40:59,571 - Requests4XX.Count:1|#Level:Host|#hostname:hello-world-pc,timestamp:1655872659
2022-06-22T11:41:05,703 - Requests4XX.Count:1|#Level:Host|#hostname:hello-world-pc,timestamp:1655872659
2022-06-22T11:41:05,775 - Requests4XX.Count:1|#Level:Host|#hostname:hello-world-pc,timestamp:1655872659
2022-06-22T11:41:08,282 - Requests4XX.Count:1|#Level:Host|#hostname:hello-world-pc,timestamp:1655872659
2022-06-22T11:41:15,491 - Requests4XX.Count:1|#Level:Host|#hostname:hello-world-pc,timestamp:1655872659
2022-06-22T11:41:19,223 - Requests4XX.Count:1|#Level:Host|#hostname:hello-world-pc,timestamp:1655872659
2022-06-22T11:41:25,420 - CPUUtilization.Percent:0.0|#Level:Host|#hostname:hello-world-pc,timestamp:1655872885
2022-06-22T11:41:25,420 - DiskAvailable.Gigabytes:198.03789520263672|#Level:Host|#hostname:hello-world-pc,timestamp:1655872885
2022-06-22T11:41:25,420 - DiskUsage.Gigabytes:235.63925170898438|#Level:Host|#hostname:hello-world-pc,timestamp:1655872885
2022-06-22T11:41:25,420 - DiskUtilization.Percent:54.3|#Level:Host|#hostname:hello-world-pc,timestamp:1655872885
2022-06-22T11:41:25,420 - GPUMemoryUtilization.Percent:2.854771784232365|#Level:Host,device_id:0|#hostname:hello-world-pc,timestamp:1655872885
2022-06-22T11:41:25,421 - GPUMemoryUsed.Megabytes:344|#Level:Host,device_id:0|#hostname:hello-world-pc,timestamp:1655872885
2022-06-22T11:41:25,421 - GPUUtilization.Percent:13|#Level:Host,device_id:0|#hostname:hello-world-pc,timestamp:1655872885
2022-06-22T11:41:25,421 - MemoryAvailable.Megabytes:10694.8515625|#Level:Host|#hostname:hello-world-pc,timestamp:1655872885
2022-06-22T11:41:25,421 - MemoryUsed.Megabytes:4646.97265625|#Level:Host|#hostname:hello-world-pc,timestamp:1655872885
2022-06-22T11:41:25,421 - MemoryUtilization.Percent:32.5|#Level:Host|#hostname:hello-world-pc,timestamp:1655872885
2022-06-22T11:42:25,400 - CPUUtilization.Percent:0.0|#Level:Host|#hostname:hello-world-pc,timestamp:1655872945
2022-06-22T11:42:25,400 - DiskAvailable.Gigabytes:198.03767013549805|#Level:Host|#hostname:hello-world-pc,timestamp:1655872945
2022-06-22T11:42:25,400 - DiskUsage.Gigabytes:235.63947677612305|#Level:Host|#hostname:hello-world-pc,timestamp:1655872945
2022-06-22T11:42:25,400 - DiskUtilization.Percent:54.3|#Level:Host|#hostname:hello-world-pc,timestamp:1655872945
2022-06-22T11:42:25,400 - GPUMemoryUtilization.Percent:2.20746887966805|#Level:Host,device_id:0|#hostname:hello-world-pc,timestamp:1655872945
2022-06-22T11:42:25,400 - GPUMemoryUsed.Megabytes:266|#Level:Host,device_id:0|#hostname:hello-world-pc,timestamp:1655872945
2022-06-22T11:42:25,400 - GPUUtilization.Percent:0|#Level:Host,device_id:0|#hostname:hello-world-pc,timestamp:1655872945
2022-06-22T11:42:25,400 - MemoryAvailable.Megabytes:10756.32421875|#Level:Host|#hostname:hello-world-pc,timestamp:1655872945
2022-06-22T11:42:25,401 - MemoryUsed.Megabytes:4602.94140625|#Level:Host|#hostname:hello-world-pc,timestamp:1655872945
2022-06-22T11:42:25,401 - MemoryUtilization.Percent:32.1|#Level:Host|#hostname:hello-world-pc,timestamp:1655872945
2022-06-22T11:42:26,372 - Requests4XX.Count:1|#Level:Host|#hostname:hello-world-pc,timestamp:1655872659
2022-06-22T11:43:25,396 - CPUUtilization.Percent:0.0|#Level:Host|#hostname:hello-world-pc,timestamp:1655873005
2022-06-22T11:43:25,396 - DiskAvailable.Gigabytes:198.03764724731445|#Level:Host|#hostname:hello-world-pc,timestamp:1655873005
2022-06-22T11:43:25,397 - DiskUsage.Gigabytes:235.63949966430664|#Level:Host|#hostname:hello-world-pc,timestamp:1655873005
2022-06-22T11:43:25,397 - DiskUtilization.Percent:54.3|#Level:Host|#hostname:hello-world-pc,timestamp:1655873005
2022-06-22T11:43:25,397 - GPUMemoryUtilization.Percent:2.199170124481328|#Level:Host,device_id:0|#hostname:hello-world-pc,timestamp:1655873005
2022-06-22T11:43:25,397 - GPUMemoryUsed.Megabytes:265|#Level:Host,device_id:0|#hostname:hello-world-pc,timestamp:1655873005
2022-06-22T11:43:25,397 - GPUUtilization.Percent:2|#Level:Host,device_id:0|#hostname:hello-world-pc,timestamp:1655873005
2022-06-22T11:43:25,397 - MemoryAvailable.Megabytes:10759.18359375|#Level:Host|#hostname:hello-world-pc,timestamp:1655873005
2022-06-22T11:43:25,397 - MemoryUsed.Megabytes:4606.359375|#Level:Host|#hostname:hello-world-pc,timestamp:1655873005
2022-06-22T11:43:25,397 - MemoryUtilization.Percent:32.1|#Level:Host|#hostname:hello-world-pc,timestamp:1655873005
2022-06-22T11:43:30,127 - Requests4XX.Count:1|#Level:Host|#hostname:hello-world-pc,timestamp:1655872659
2022-06-22T11:43:40,428 - Requests4XX.Count:1|#Level:Host|#hostname:hello-world-pc,timestamp:1655872659
2022-06-22T11:43:45,182 - Requests4XX.Count:1|#Level:Host|#hostname:hello-world-pc,timestamp:1655872659
2022-06-22T11:44:41,790 - CPUUtilization.Percent:0.0|#Level:Host|#hostname:hello-world-pc,timestamp:1655873081
2022-06-22T11:44:41,790 - DiskAvailable.Gigabytes:198.03741836547852|#Level:Host|#hostname:hello-world-pc,timestamp:1655873081
2022-06-22T11:44:41,790 - DiskUsage.Gigabytes:235.63972854614258|#Level:Host|#hostname:hello-world-pc,timestamp:1655873081
2022-06-22T11:44:41,791 - DiskUtilization.Percent:54.3|#Level:Host|#hostname:hello-world-pc,timestamp:1655873081
2022-06-22T11:44:41,791 - GPUMemoryUtilization.Percent:2.12448132780083|#Level:Host,device_id:0|#hostname:hello-world-pc,timestamp:1655873081
2022-06-22T11:44:41,791 - GPUMemoryUsed.Megabytes:256|#Level:Host,device_id:0|#hostname:hello-world-pc,timestamp:1655873081
2022-06-22T11:44:41,791 - GPUUtilization.Percent:16|#Level:Host,device_id:0|#hostname:hello-world-pc,timestamp:1655873081
2022-06-22T11:44:41,791 - MemoryAvailable.Megabytes:10802.578125|#Level:Host|#hostname:hello-world-pc,timestamp:1655873081
2022-06-22T11:44:41,791 - MemoryUsed.Megabytes:4562.96484375|#Level:Host|#hostname:hello-world-pc,timestamp:1655873081
2022-06-22T11:44:41,792 - MemoryUtilization.Percent:31.8|#Level:Host|#hostname:hello-world-pc,timestamp:1655873081
2022-06-22T11:44:52,746 - Requests4XX.Count:1|#Level:Host|#hostname:hello-world-pc,timestamp:1655873092
2022-06-22T11:44:56,761 - Requests4XX.Count:1|#Level:Host|#hostname:hello-world-pc,timestamp:1655873092
2022-06-22T11:45:23,627 - Requests2XX.Count:1|#Level:Host|#hostname:hello-world-pc,timestamp:1655873092
2022-06-22T11:45:41,784 - CPUUtilization.Percent:0.0|#Level:Host|#hostname:hello-world-pc,timestamp:1655873141
2022-06-22T11:45:41,784 - DiskAvailable.Gigabytes:198.03687286376953|#Level:Host|#hostname:hello-world-pc,timestamp:1655873141
2022-06-22T11:45:41,784 - DiskUsage.Gigabytes:235.64027404785156|#Level:Host|#hostname:hello-world-pc,timestamp:1655873141
2022-06-22T11:45:41,784 - DiskUtilization.Percent:54.3|#Level:Host|#hostname:hello-world-pc,timestamp:1655873141
2022-06-22T11:45:41,784 - GPUMemoryUtilization.Percent:2.0580912863070537|#Level:Host,device_id:0|#hostname:hello-world-pc,timestamp:1655873141
2022-06-22T11:45:41,784 - GPUMemoryUsed.Megabytes:248|#Level:Host,device_id:0|#hostname:hello-world-pc,timestamp:1655873141
2022-06-22T11:45:41,784 - GPUUtilization.Percent:0|#Level:Host,device_id:0|#hostname:hello-world-pc,timestamp:1655873141
2022-06-22T11:45:41,784 - MemoryAvailable.Megabytes:10572.66796875|#Level:Host|#hostname:hello-world-pc,timestamp:1655873141
2022-06-22T11:45:41,785 - MemoryUsed.Megabytes:4801.36328125|#Level:Host|#hostname:hello-world-pc,timestamp:1655873141
2022-06-22T11:45:41,785 - MemoryUtilization.Percent:33.3|#Level:Host|#hostname:hello-world-pc,timestamp:1655873141
2022-06-22T11:49:28,760 - Requests2XX.Count:1|#Level:Host|#hostname:hello-world-pc,timestamp:1655873092
2022-06-22T11:50:00,210 - CPUUtilization.Percent:50.0|#Level:Host|#hostname:hello-world-pc,timestamp:1655873400
2022-06-22T11:50:00,211 - DiskAvailable.Gigabytes:198.03976440429688|#Level:Host|#hostname:hello-world-pc,timestamp:1655873400
2022-06-22T11:50:00,211 - DiskUsage.Gigabytes:235.63738250732422|#Level:Host|#hostname:hello-world-pc,timestamp:1655873400
2022-06-22T11:50:00,211 - DiskUtilization.Percent:54.3|#Level:Host|#hostname:hello-world-pc,timestamp:1655873400
2022-06-22T11:50:00,211 - GPUMemoryUtilization.Percent:1.9087136929460582|#Level:Host,device_id:0|#hostname:hello-world-pc,timestamp:1655873400
2022-06-22T11:50:00,211 - GPUMemoryUsed.Megabytes:230|#Level:Host,device_id:0|#hostname:hello-world-pc,timestamp:1655873400
2022-06-22T11:50:00,211 - GPUUtilization.Percent:8|#Level:Host,device_id:0|#hostname:hello-world-pc,timestamp:1655873400
2022-06-22T11:50:00,212 - MemoryAvailable.Megabytes:11657.88671875|#Level:Host|#hostname:hello-world-pc,timestamp:1655873400
2022-06-22T11:50:00,212 - MemoryUsed.Megabytes:3757.97265625|#Level:Host|#hostname:hello-world-pc,timestamp:1655873400
2022-06-22T11:50:00,212 - MemoryUtilization.Percent:26.4|#Level:Host|#hostname:hello-world-pc,timestamp:1655873400
2022-06-22T11:50:10,294 - Requests2XX.Count:1|#Level:Host|#hostname:hello-world-pc,timestamp:1655873410
2022-06-22T11:51:00,210 - CPUUtilization.Percent:0.0|#Level:Host|#hostname:hello-world-pc,timestamp:1655873460
2022-06-22T11:51:00,210 - DiskAvailable.Gigabytes:198.03933334350586|#Level:Host|#hostname:hello-world-pc,timestamp:1655873460
2022-06-22T11:51:00,210 - DiskUsage.Gigabytes:235.63781356811523|#Level:Host|#hostname:hello-world-pc,timestamp:1655873460
2022-06-22T11:51:00,210 - DiskUtilization.Percent:54.3|#Level:Host|#hostname:hello-world-pc,timestamp:1655873460
2022-06-22T11:51:00,210 - GPUMemoryUtilization.Percent:1.4771784232365146|#Level:Host,device_id:0|#hostname:hello-world-pc,timestamp:1655873460
2022-06-22T11:51:00,211 - GPUMemoryUsed.Megabytes:178|#Level:Host,device_id:0|#hostname:hello-world-pc,timestamp:1655873460
2022-06-22T11:51:00,211 - GPUUtilization.Percent:1|#Level:Host,device_id:0|#hostname:hello-world-pc,timestamp:1655873460
2022-06-22T11:51:00,211 - MemoryAvailable.Megabytes:11387.92578125|#Level:Host|#hostname:hello-world-pc,timestamp:1655873460
2022-06-22T11:51:00,211 - MemoryUsed.Megabytes:4025.8046875|#Level:Host|#hostname:hello-world-pc,timestamp:1655873460
2022-06-22T11:51:00,211 - MemoryUtilization.Percent:28.1|#Level:Host|#hostname:hello-world-pc,timestamp:1655873460
2022-06-22T11:54:55,939 - CPUUtilization.Percent:0.0|#Level:Host|#hostname:hello-world-pc,timestamp:1655873695
2022-06-22T11:54:55,940 - DiskAvailable.Gigabytes:198.03671646118164|#Level:Host|#hostname:hello-world-pc,timestamp:1655873695
2022-06-22T11:54:55,940 - DiskUsage.Gigabytes:235.64043045043945|#Level:Host|#hostname:hello-world-pc,timestamp:1655873695
2022-06-22T11:54:55,940 - DiskUtilization.Percent:54.3|#Level:Host|#hostname:hello-world-pc,timestamp:1655873695
2022-06-22T11:54:55,940 - GPUMemoryUtilization.Percent:2.107883817427386|#Level:Host,device_id:0|#hostname:hello-world-pc,timestamp:1655873695
2022-06-22T11:54:55,940 - GPUMemoryUsed.Megabytes:254|#Level:Host,device_id:0|#hostname:hello-world-pc,timestamp:1655873695
2022-06-22T11:54:55,940 - GPUUtilization.Percent:5|#Level:Host,device_id:0|#hostname:hello-world-pc,timestamp:1655873695
2022-06-22T11:54:55,941 - MemoryAvailable.Megabytes:10955.57421875|#Level:Host|#hostname:hello-world-pc,timestamp:1655873695
2022-06-22T11:54:55,941 - MemoryUsed.Megabytes:4439.671875|#Level:Host|#hostname:hello-world-pc,timestamp:1655873695
2022-06-22T11:54:55,941 - MemoryUtilization.Percent:30.9|#Level:Host|#hostname:hello-world-pc,timestamp:1655873695
2022-06-22T11:55:07,263 - Requests2XX.Count:1|#Level:Host|#hostname:hello-world-pc,timestamp:1655873707
2022-06-22T11:55:17,390 - Requests2XX.Count:1|#Level:Host|#hostname:hello-world-pc,timestamp:1655873707
2022-06-22T11:55:55,925 - CPUUtilization.Percent:0.0|#Level:Host|#hostname:hello-world-pc,timestamp:1655873755
2022-06-22T11:55:55,925 - DiskAvailable.Gigabytes:198.0358543395996|#Level:Host|#hostname:hello-world-pc,timestamp:1655873755
2022-06-22T11:55:55,925 - DiskUsage.Gigabytes:235.64129257202148|#Level:Host|#hostname:hello-world-pc,timestamp:1655873755
2022-06-22T11:55:55,925 - DiskUtilization.Percent:54.3|#Level:Host|#hostname:hello-world-pc,timestamp:1655873755
2022-06-22T11:55:55,925 - GPUMemoryUtilization.Percent:2.8215767634854774|#Level:Host,device_id:0|#hostname:hello-world-pc,timestamp:1655873755
2022-06-22T11:55:55,925 - GPUMemoryUsed.Megabytes:340|#Level:Host,device_id:0|#hostname:hello-world-pc,timestamp:1655873755
2022-06-22T11:55:55,925 - GPUUtilization.Percent:33|#Level:Host,device_id:0|#hostname:hello-world-pc,timestamp:1655873755
2022-06-22T11:55:55,926 - MemoryAvailable.Megabytes:10472.6328125|#Level:Host|#hostname:hello-world-pc,timestamp:1655873755
2022-06-22T11:55:55,926 - MemoryUsed.Megabytes:4830.06640625|#Level:Host|#hostname:hello-world-pc,timestamp:1655873755
2022-06-22T11:55:55,926 - MemoryUtilization.Percent:33.9|#Level:Host|#hostname:hello-world-pc,timestamp:1655873755
2022-06-22T11:56:40,030 - Requests2XX.Count:1|#Level:Host|#hostname:hello-world-pc,timestamp:1655873707
2022-06-22T12:00:59,202 - Requests2XX.Count:1|#Level:Host|#hostname:hello-world-pc,timestamp:1655873707
2022-06-22T15:02:10,433 - Requests2XX.Count:1|#Level:Host|#hostname:hello-world-pc,timestamp:1655873707
2022-06-22T15:03:13,208 - CPUUtilization.Percent:0.0|#Level:Host|#hostname:hello-world-pc,timestamp:1655884993
2022-06-22T15:03:13,209 - DiskAvailable.Gigabytes:198.01199340820312|#Level:Host|#hostname:hello-world-pc,timestamp:1655884993
2022-06-22T15:03:13,209 - DiskUsage.Gigabytes:235.66515350341797|#Level:Host|#hostname:hello-world-pc,timestamp:1655884993
2022-06-22T15:03:13,209 - DiskUtilization.Percent:54.3|#Level:Host|#hostname:hello-world-pc,timestamp:1655884993
2022-06-22T15:03:13,209 - GPUMemoryUtilization.Percent:2.132780082987552|#Level:Host,device_id:0|#hostname:hello-world-pc,timestamp:1655884993
2022-06-22T15:03:13,209 - GPUMemoryUsed.Megabytes:257|#Level:Host,device_id:0|#hostname:hello-world-pc,timestamp:1655884993
2022-06-22T15:03:13,209 - GPUUtilization.Percent:31|#Level:Host,device_id:0|#hostname:hello-world-pc,timestamp:1655884993
2022-06-22T15:03:13,209 - MemoryAvailable.Megabytes:10488.8359375|#Level:Host|#hostname:hello-world-pc,timestamp:1655884993
2022-06-22T15:03:13,209 - MemoryUsed.Megabytes:4909.02734375|#Level:Host|#hostname:hello-world-pc,timestamp:1655884993
2022-06-22T15:03:13,210 - MemoryUtilization.Percent:33.8|#Level:Host|#hostname:hello-world-pc,timestamp:1655884993
2022-06-22T15:03:15,441 - W-9000-mnistnet_1.0.ms:2572|#Level:Host|#hostname:hello-world-pc,timestamp:1655884995
2022-06-22T15:03:15,442 - WorkerThreadTime.ms:19|#Level:Host|#hostname:hello-world-pc,timestamp:1655884995
2022-06-22T15:03:25,287 - Requests2XX.Count:1|#Level:Host|#hostname:hello-world-pc,timestamp:1655885005
2022-06-22T15:03:39,420 - Requests4XX.Count:1|#Level:Host|#hostname:hello-world-pc,timestamp:1655885005
2022-06-22T15:03:48,227 - Requests2XX.Count:1|#Level:Host|#hostname:hello-world-pc,timestamp:1655885005
2022-06-22T15:03:48,227 - QueueTime.ms:0|#Level:Host|#hostname:hello-world-pc,timestamp:1655885028
2022-06-22T15:03:48,227 - WorkerThreadTime.ms:2|#Level:Host|#hostname:hello-world-pc,timestamp:1655885028
2022-06-22T15:04:13,226 - CPUUtilization.Percent:0.0|#Level:Host|#hostname:hello-world-pc,timestamp:1655885053
2022-06-22T15:04:13,226 - DiskAvailable.Gigabytes:198.01194381713867|#Level:Host|#hostname:hello-world-pc,timestamp:1655885053
2022-06-22T15:04:13,226 - DiskUsage.Gigabytes:235.66520309448242|#Level:Host|#hostname:hello-world-pc,timestamp:1655885053
2022-06-22T15:04:13,226 - DiskUtilization.Percent:54.3|#Level:Host|#hostname:hello-world-pc,timestamp:1655885053
2022-06-22T15:04:13,226 - GPUMemoryUtilization.Percent:16.240663900414937|#Level:Host,device_id:0|#hostname:hello-world-pc,timestamp:1655885053
2022-06-22T15:04:13,226 - GPUMemoryUsed.Megabytes:1957|#Level:Host,device_id:0|#hostname:hello-world-pc,timestamp:1655885053
2022-06-22T15:04:13,226 - GPUUtilization.Percent:23|#Level:Host,device_id:0|#hostname:hello-world-pc,timestamp:1655885053
2022-06-22T15:04:13,226 - MemoryAvailable.Megabytes:6855.25|#Level:Host|#hostname:hello-world-pc,timestamp:1655885053
2022-06-22T15:04:13,226 - MemoryUsed.Megabytes:8516.015625|#Level:Host|#hostname:hello-world-pc,timestamp:1655885053
2022-06-22T15:04:13,226 - MemoryUtilization.Percent:56.7|#Level:Host|#hostname:hello-world-pc,timestamp:1655885053
2022-06-22T15:04:37,246 - Requests5XX.Count:1|#Level:Host|#hostname:hello-world-pc,timestamp:1655885005
2022-06-22T15:04:37,246 - WorkerThreadTime.ms:1|#Level:Host|#hostname:hello-world-pc,timestamp:1655885077
2022-06-22T15:05:13,208 - CPUUtilization.Percent:0.0|#Level:Host|#hostname:hello-world-pc,timestamp:1655885113
2022-06-22T15:05:13,209 - DiskAvailable.Gigabytes:198.01214218139648|#Level:Host|#hostname:hello-world-pc,timestamp:1655885113
2022-06-22T15:05:13,209 - DiskUsage.Gigabytes:235.6650047302246|#Level:Host|#hostname:hello-world-pc,timestamp:1655885113
2022-06-22T15:05:13,209 - DiskUtilization.Percent:54.3|#Level:Host|#hostname:hello-world-pc,timestamp:1655885113
2022-06-22T15:05:13,209 - GPUMemoryUtilization.Percent:16.647302904564317|#Level:Host,device_id:0|#hostname:hello-world-pc,timestamp:1655885113
2022-06-22T15:05:13,209 - GPUMemoryUsed.Megabytes:2006|#Level:Host,device_id:0|#hostname:hello-world-pc,timestamp:1655885113
2022-06-22T15:05:13,209 - GPUUtilization.Percent:0|#Level:Host,device_id:0|#hostname:hello-world-pc,timestamp:1655885113
2022-06-22T15:05:13,209 - MemoryAvailable.Megabytes:6955.3125|#Level:Host|#hostname:hello-world-pc,timestamp:1655885113
2022-06-22T15:05:13,209 - MemoryUsed.Megabytes:8414.0546875|#Level:Host|#hostname:hello-world-pc,timestamp:1655885113
2022-06-22T15:05:13,209 - MemoryUtilization.Percent:56.1|#Level:Host|#hostname:hello-world-pc,timestamp:1655885113
2022-06-22T15:05:41,192 - Requests4XX.Count:1|#Level:Host|#hostname:hello-world-pc,timestamp:1655885005
2022-06-22T15:05:51,564 - Requests2XX.Count:1|#Level:Host|#hostname:hello-world-pc,timestamp:1655885005
2022-06-22T15:05:51,564 - QueueTime.ms:0|#Level:Host|#hostname:hello-world-pc,timestamp:1655885151
2022-06-22T15:05:51,564 - WorkerThreadTime.ms:1|#Level:Host|#hostname:hello-world-pc,timestamp:1655885151
2022-06-22T15:06:13,206 - CPUUtilization.Percent:0.0|#Level:Host|#hostname:hello-world-pc,timestamp:1655885173
2022-06-22T15:06:13,206 - DiskAvailable.Gigabytes:198.01206588745117|#Level:Host|#hostname:hello-world-pc,timestamp:1655885173
2022-06-22T15:06:13,207 - DiskUsage.Gigabytes:235.66508102416992|#Level:Host|#hostname:hello-world-pc,timestamp:1655885173
2022-06-22T15:06:13,207 - DiskUtilization.Percent:54.3|#Level:Host|#hostname:hello-world-pc,timestamp:1655885173
2022-06-22T15:06:13,207 - GPUMemoryUtilization.Percent:16.755186721991702|#Level:Host,device_id:0|#hostname:hello-world-pc,timestamp:1655885173
2022-06-22T15:06:13,207 - GPUMemoryUsed.Megabytes:2019|#Level:Host,device_id:0|#hostname:hello-world-pc,timestamp:1655885173
2022-06-22T15:06:13,207 - GPUUtilization.Percent:0|#Level:Host,device_id:0|#hostname:hello-world-pc,timestamp:1655885173
2022-06-22T15:06:13,207 - MemoryAvailable.Megabytes:6880.35546875|#Level:Host|#hostname:hello-world-pc,timestamp:1655885173
2022-06-22T15:06:13,207 - MemoryUsed.Megabytes:8491.1328125|#Level:Host|#hostname:hello-world-pc,timestamp:1655885173
2022-06-22T15:06:13,207 - MemoryUtilization.Percent:56.6|#Level:Host|#hostname:hello-world-pc,timestamp:1655885173
2022-06-22T15:06:46,192 - Requests2XX.Count:1|#Level:Host|#hostname:hello-world-pc,timestamp:1655885005
2022-06-22T15:06:46,192 - QueueTime.ms:0|#Level:Host|#hostname:hello-world-pc,timestamp:1655885206
2022-06-22T15:06:46,192 - WorkerThreadTime.ms:0|#Level:Host|#hostname:hello-world-pc,timestamp:1655885206
2022-06-22T15:07:09,411 - Requests2XX.Count:1|#Level:Host|#hostname:hello-world-pc,timestamp:1655885005
2022-06-22T15:07:09,411 - QueueTime.ms:0|#Level:Host|#hostname:hello-world-pc,timestamp:1655885229
2022-06-22T15:07:09,412 - WorkerThreadTime.ms:1|#Level:Host|#hostname:hello-world-pc,timestamp:1655885229
2022-06-22T15:07:13,221 - CPUUtilization.Percent:0.0|#Level:Host|#hostname:hello-world-pc,timestamp:1655885233
2022-06-22T15:07:13,221 - DiskAvailable.Gigabytes:198.01208114624023|#Level:Host|#hostname:hello-world-pc,timestamp:1655885233
2022-06-22T15:07:13,221 - DiskUsage.Gigabytes:235.66506576538086|#Level:Host|#hostname:hello-world-pc,timestamp:1655885233
2022-06-22T15:07:13,221 - DiskUtilization.Percent:54.3|#Level:Host|#hostname:hello-world-pc,timestamp:1655885233
2022-06-22T15:07:13,221 - GPUMemoryUtilization.Percent:16.647302904564317|#Level:Host,device_id:0|#hostname:hello-world-pc,timestamp:1655885233
2022-06-22T15:07:13,221 - GPUMemoryUsed.Megabytes:2006|#Level:Host,device_id:0|#hostname:hello-world-pc,timestamp:1655885233
2022-06-22T15:07:13,221 - GPUUtilization.Percent:6|#Level:Host,device_id:0|#hostname:hello-world-pc,timestamp:1655885233
2022-06-22T15:07:13,221 - MemoryAvailable.Megabytes:6825.046875|#Level:Host|#hostname:hello-world-pc,timestamp:1655885233
2022-06-22T15:07:13,221 - MemoryUsed.Megabytes:8545.41015625|#Level:Host|#hostname:hello-world-pc,timestamp:1655885233
2022-06-22T15:07:13,222 - MemoryUtilization.Percent:56.9|#Level:Host|#hostname:hello-world-pc,timestamp:1655885233
2022-06-22T15:08:13,237 - CPUUtilization.Percent:0.0|#Level:Host|#hostname:hello-world-pc,timestamp:1655885293
2022-06-22T15:08:13,237 - DiskAvailable.Gigabytes:198.01188278198242|#Level:Host|#hostname:hello-world-pc,timestamp:1655885293
2022-06-22T15:08:13,237 - DiskUsage.Gigabytes:235.66526412963867|#Level:Host|#hostname:hello-world-pc,timestamp:1655885293
2022-06-22T15:08:13,237 - DiskUtilization.Percent:54.3|#Level:Host|#hostname:hello-world-pc,timestamp:1655885293
2022-06-22T15:08:13,237 - GPUMemoryUtilization.Percent:16.713692946058092|#Level:Host,device_id:0|#hostname:hello-world-pc,timestamp:1655885293
2022-06-22T15:08:13,237 - GPUMemoryUsed.Megabytes:2014|#Level:Host,device_id:0|#hostname:hello-world-pc,timestamp:1655885293
2022-06-22T15:08:13,237 - GPUUtilization.Percent:23|#Level:Host,device_id:0|#hostname:hello-world-pc,timestamp:1655885293
2022-06-22T15:08:13,237 - MemoryAvailable.Megabytes:6798.7578125|#Level:Host|#hostname:hello-world-pc,timestamp:1655885293
2022-06-22T15:08:13,237 - MemoryUsed.Megabytes:8575.609375|#Level:Host|#hostname:hello-world-pc,timestamp:1655885293
2022-06-22T15:08:13,237 - MemoryUtilization.Percent:57.1|#Level:Host|#hostname:hello-world-pc,timestamp:1655885293
